<?xml version="1.0" encoding="UTF-8"?>
<testng-results ignored="0" total="1" passed="1" failed="0" skipped="0">
  <reporter-output>
  </reporter-output>
  <suite started-at="2025-11-23T18:32:24 IST" name="Master Suite" finished-at="2025-11-23T18:32:28 IST" duration-ms="4845">
    <groups>
    </groups>
    <test started-at="2025-11-23T18:32:24 IST" name="Test" finished-at="2025-11-23T18:32:28 IST" duration-ms="4845">
      <class name="testCases.TC002_LoginTest">
        <test-method is-config="true" signature="setup(java.lang.String,java.lang.String)[pri:0, instance:testCases.TC002_LoginTest@62ddbd7e]" started-at="2025-11-23T18:32:24 IST" name="setup" finished-at="2025-11-23T18:32:27 IST" duration-ms="3157" status="PASS">
          <params>
            <param index="0">
              <value>
                <![CDATA[Windows]]>
              </value>
            </param>
            <param index="1">
              <value>
                <![CDATA[chrome]]>
              </value>
            </param>
          </params>
          <reporter-output>
          </reporter-output>
        </test-method> <!-- setup -->
        <test-method signature="verify_login()[pri:0, instance:testCases.TC002_LoginTest@62ddbd7e]" started-at="2025-11-23T18:32:27 IST" name="verify_login" finished-at="2025-11-23T18:32:28 IST" duration-ms="1499" status="PASS">
          <reporter-output>
          </reporter-output>
        </test-method> <!-- verify_login -->
        <test-method is-config="true" signature="tearDown()[pri:0, instance:testCases.TC002_LoginTest@62ddbd7e]" started-at="2025-11-23T18:32:28 IST" name="tearDown" finished-at="2025-11-23T18:32:28 IST" duration-ms="140" status="PASS">
          <reporter-output>
          </reporter-output>
        </test-method> <!-- tearDown -->
      </class> <!-- testCases.TC002_LoginTest -->
    </test> <!-- Test -->
  </suite> <!-- Master Suite -->
</testng-results>
